<?xml version="1.0" encoding="UTF-8"?>
<testsuite name="com.cdia.test.PrestSocialServiceTest" time="0" tests="3" errors="0" skipped="3" failures="0">
  <properties>
[...]
</properties>
  <testcase name="findAllFondos" classname="com.cdia.test.PrestSocialServiceTest" time="0">
    <skipped/>
    <system-out><![CDATA[16:32:23.258 [main] DEBUG o.s.t.c.j.SpringJUnit4ClassRunner - SpringJUnit4ClassRunner constructor called with [class com.cdia.test.PrestSocialServiceTest]
16:32:23.259 [main] DEBUG o.s.test.context.BootstrapUtils - Instantiating CacheAwareContextLoaderDelegate from class [org.springframework.test.context.cache.DefaultCacheAwareContextLoaderDelegate]
16:32:23.259 [main] DEBUG o.s.test.context.BootstrapUtils - Instantiating BootstrapContext using constructor [public org.springframework.test.context.support.DefaultBootstrapContext(java.lang.Class,org.springframework.test.context.CacheAwareContextLoaderDelegate)]
16:32:23.260 [main] DEBUG o.s.test.context.BootstrapUtils - Instantiating TestContextBootstrapper for test class [com.cdia.test.PrestSocialServiceTest] from class [org.springframework.test.context.support.DefaultTestContextBootstrapper]
16:32:23.270 [main] DEBUG o.s.t.c.s.DefaultTestContextBootstrapper - Found explicit ContextLoader class [org.springframework.boot.test.SpringApplicationContextLoader] for context configuration attributes [ContextConfigurationAttributes@4ae3c1cd declaringClass = 'com.cdia.test.PrestSocialServiceTest', classes = '{class com.cdia.DakaEmpleadoApplication}', locations = '{}', inheritLocations = true, initializers = '{}', inheritInitializers = true, name = [null], contextLoaderClass = 'org.springframework.boot.test.SpringApplicationContextLoader']
16:32:23.299 [main] DEBUG o.s.t.c.s.AbstractContextLoader - Did not detect default resource location for test class [com.cdia.test.PrestSocialServiceTest]: class path resource [com/cdia/test/PrestSocialServiceTest-context.xml] does not exist
16:32:23.299 [main] DEBUG o.s.t.c.s.AbstractContextLoader - Did not detect default resource location for test class [com.cdia.test.PrestSocialServiceTest]: class path resource [com/cdia/test/PrestSocialServiceTestContext.groovy] does not exist
16:32:23.299 [main] INFO  o.s.t.c.s.AbstractContextLoader - Could not detect default resource locations for test class [com.cdia.test.PrestSocialServiceTest]: no resource found for suffixes {-context.xml, Context.groovy}.
16:32:23.300 [main] DEBUG o.s.t.c.support.ActiveProfilesUtils - Could not find an 'annotation declaring class' for annotation type [org.springframework.test.context.ActiveProfiles] and class [com.cdia.test.PrestSocialServiceTest]
16:32:23.300 [main] DEBUG o.s.t.c.s.DefaultTestContextBootstrapper - @TestExecutionListeners is not present for class [com.cdia.test.PrestSocialServiceTest]: using defaults.
16:32:23.303 [main] INFO  o.s.t.c.s.DefaultTestContextBootstrapper - Loaded default TestExecutionListener class names from location [META-INF/spring.factories]: [org.springframework.test.context.web.ServletTestExecutionListener, org.springframework.test.context.support.DirtiesContextBeforeModesTestExecutionListener, org.springframework.test.context.support.DependencyInjectionTestExecutionListener, org.springframework.test.context.support.DirtiesContextTestExecutionListener, org.springframework.test.context.transaction.TransactionalTestExecutionListener, org.springframework.test.context.jdbc.SqlScriptsTestExecutionListener]
16:32:23.303 [main] INFO  o.s.t.c.s.DefaultTestContextBootstrapper - Using TestExecutionListeners: [org.springframework.test.context.web.ServletTestExecutionListener@2145433b, org.springframework.test.context.support.DirtiesContextBeforeModesTestExecutionListener@2890c451, org.springframework.test.context.support.DependencyInjectionTestExecutionListener@40e6dfe1, org.springframework.test.context.support.DirtiesContextTestExecutionListener@1b083826, org.springframework.test.context.transaction.TransactionalTestExecutionListener@105fece7, org.springframework.test.context.jdbc.SqlScriptsTestExecutionListener@3ec300f1]
16:32:23.304 [main] DEBUG o.s.t.annotation.ProfileValueUtils - Retrieved @ProfileValueSourceConfiguration [null] for test class [com.cdia.test.PrestSocialServiceTest]
16:32:23.304 [main] DEBUG o.s.t.annotation.ProfileValueUtils - Retrieved ProfileValueSource type [class org.springframework.test.annotation.SystemProfileValueSource] for class [com.cdia.test.PrestSocialServiceTest]
16:32:23.304 [main] DEBUG o.s.t.annotation.ProfileValueUtils - Retrieved @ProfileValueSourceConfiguration [null] for test class [com.cdia.test.PrestSocialServiceTest]
16:32:23.304 [main] DEBUG o.s.t.annotation.ProfileValueUtils - Retrieved ProfileValueSource type [class org.springframework.test.annotation.SystemProfileValueSource] for class [com.cdia.test.PrestSocialServiceTest]
]]></system-out>
  </testcase>
  <testcase name="createFondo" classname="com.cdia.test.PrestSocialServiceTest" time="0">
    <skipped/>
  </testcase>
  <testcase name="findAllCesantias" classname="com.cdia.test.PrestSocialServiceTest" time="0">
    <skipped/>
  </testcase>
</testsuite>