<?xml version="1.0" encoding="UTF-8"?>
<testsuite name="com.cdia.test.EmpleadoControllerTest" time="0" tests="3" errors="0" skipped="3" failures="0">
  <properties>
[...]
</properties>
  <testcase name="getEmpleado" classname="com.cdia.test.EmpleadoControllerTest" time="0">
    <skipped/>
    <system-out><![CDATA[16:32:22.158 [main] DEBUG o.s.t.c.j.SpringJUnit4ClassRunner - SpringJUnit4ClassRunner constructor called with [class com.cdia.test.EmpleadoControllerTest]
16:32:22.170 [main] DEBUG o.s.test.context.BootstrapUtils - Instantiating CacheAwareContextLoaderDelegate from class [org.springframework.test.context.cache.DefaultCacheAwareContextLoaderDelegate]
16:32:22.180 [main] DEBUG o.s.test.context.BootstrapUtils - Instantiating BootstrapContext using constructor [public org.springframework.test.context.support.DefaultBootstrapContext(java.lang.Class,org.springframework.test.context.CacheAwareContextLoaderDelegate)]
16:32:22.196 [main] DEBUG o.s.test.context.BootstrapUtils - Instantiating TestContextBootstrapper for test class [com.cdia.test.EmpleadoControllerTest] from class [org.springframework.test.context.web.WebTestContextBootstrapper]
16:32:22.235 [main] DEBUG o.s.t.c.w.WebTestContextBootstrapper - Found explicit ContextLoader class [org.springframework.boot.test.SpringApplicationContextLoader] for context configuration attributes [ContextConfigurationAttributes@79be0360 declaringClass = 'com.cdia.test.EmpleadoControllerTest', classes = '{class com.cdia.DakaEmpleadoApplication}', locations = '{}', inheritLocations = true, initializers = '{}', inheritInitializers = true, name = [null], contextLoaderClass = 'org.springframework.boot.test.SpringApplicationContextLoader']
16:32:22.244 [main] DEBUG o.s.t.c.s.AbstractContextLoader - Did not detect default resource location for test class [com.cdia.test.EmpleadoControllerTest]: class path resource [com/cdia/test/EmpleadoControllerTest-context.xml] does not exist
16:32:22.244 [main] DEBUG o.s.t.c.s.AbstractContextLoader - Did not detect default resource location for test class [com.cdia.test.EmpleadoControllerTest]: class path resource [com/cdia/test/EmpleadoControllerTestContext.groovy] does not exist
16:32:22.245 [main] INFO  o.s.t.c.s.AbstractContextLoader - Could not detect default resource locations for test class [com.cdia.test.EmpleadoControllerTest]: no resource found for suffixes {-context.xml, Context.groovy}.
16:32:22.248 [main] DEBUG o.s.t.c.support.ActiveProfilesUtils - Could not find an 'annotation declaring class' for annotation type [org.springframework.test.context.ActiveProfiles] and class [com.cdia.test.EmpleadoControllerTest]
16:32:22.255 [main] DEBUG o.s.t.c.w.WebTestContextBootstrapper - @TestExecutionListeners is not present for class [com.cdia.test.EmpleadoControllerTest]: using defaults.
16:32:22.265 [main] INFO  o.s.t.c.w.WebTestContextBootstrapper - Loaded default TestExecutionListener class names from location [META-INF/spring.factories]: [org.springframework.test.context.web.ServletTestExecutionListener, org.springframework.test.context.support.DirtiesContextBeforeModesTestExecutionListener, org.springframework.test.context.support.DependencyInjectionTestExecutionListener, org.springframework.test.context.support.DirtiesContextTestExecutionListener, org.springframework.test.context.transaction.TransactionalTestExecutionListener, org.springframework.test.context.jdbc.SqlScriptsTestExecutionListener]
16:32:22.302 [main] INFO  o.s.t.c.w.WebTestContextBootstrapper - Using TestExecutionListeners: [org.springframework.test.context.web.ServletTestExecutionListener@cb51256, org.springframework.test.context.support.DirtiesContextBeforeModesTestExecutionListener@59906517, org.springframework.test.context.support.DependencyInjectionTestExecutionListener@5bfbf16f, org.springframework.test.context.support.DirtiesContextTestExecutionListener@25af5db5, org.springframework.test.context.transaction.TransactionalTestExecutionListener@12cdcf4, org.springframework.test.context.jdbc.SqlScriptsTestExecutionListener@5bcea91b]
16:32:22.304 [main] DEBUG o.s.t.c.j.SpringJUnit4ClassRunner - SpringJUnit4ClassRunner constructor called with [class com.cdia.test.EmpleadoServiceTest]
16:32:22.305 [main] DEBUG o.s.test.context.BootstrapUtils - Instantiating CacheAwareContextLoaderDelegate from class [org.springframework.test.context.cache.DefaultCacheAwareContextLoaderDelegate]
16:32:22.305 [main] DEBUG o.s.test.context.BootstrapUtils - Instantiating BootstrapContext using constructor [public org.springframework.test.context.support.DefaultBootstrapContext(java.lang.Class,org.springframework.test.context.CacheAwareContextLoaderDelegate)]
16:32:22.306 [main] DEBUG o.s.test.context.BootstrapUtils - Instantiating TestContextBootstrapper for test class [com.cdia.test.EmpleadoServiceTest] from class [org.springframework.test.context.support.DefaultTestContextBootstrapper]
16:32:22.307 [main] DEBUG o.s.t.c.s.DefaultTestContextBootstrapper - Found explicit ContextLoader class [org.springframework.boot.test.SpringApplicationContextLoader] for context configuration attributes [ContextConfigurationAttributes@27f723 declaringClass = 'com.cdia.test.EmpleadoServiceTest', classes = '{class com.cdia.DakaEmpleadoApplication}', locations = '{}', inheritLocations = true, initializers = '{}', inheritInitializers = true, name = [null], contextLoaderClass = 'org.springframework.boot.test.SpringApplicationContextLoader']
16:32:22.308 [main] DEBUG o.s.t.c.s.AbstractContextLoader - Did not detect default resource location for test class [com.cdia.test.EmpleadoServiceTest]: class path resource [com/cdia/test/EmpleadoServiceTest-context.xml] does not exist
16:32:22.308 [main] DEBUG o.s.t.c.s.AbstractContextLoader - Did not detect default resource location for test class [com.cdia.test.EmpleadoServiceTest]: class path resource [com/cdia/test/EmpleadoServiceTestContext.groovy] does not exist
16:32:22.308 [main] INFO  o.s.t.c.s.AbstractContextLoader - Could not detect default resource locations for test class [com.cdia.test.EmpleadoServiceTest]: no resource found for suffixes {-context.xml, Context.groovy}.
16:32:22.309 [main] DEBUG o.s.t.c.support.ActiveProfilesUtils - Could not find an 'annotation declaring class' for annotation type [org.springframework.test.context.ActiveProfiles] and class [com.cdia.test.EmpleadoServiceTest]
16:32:22.309 [main] DEBUG o.s.t.c.s.DefaultTestContextBootstrapper - @TestExecutionListeners is not present for class [com.cdia.test.EmpleadoServiceTest]: using defaults.
16:32:22.312 [main] INFO  o.s.t.c.s.DefaultTestContextBootstrapper - Loaded default TestExecutionListener class names from location [META-INF/spring.factories]: [org.springframework.test.context.web.ServletTestExecutionListener, org.springframework.test.context.support.DirtiesContextBeforeModesTestExecutionListener, org.springframework.test.context.support.DependencyInjectionTestExecutionListener, org.springframework.test.context.support.DirtiesContextTestExecutionListener, org.springframework.test.context.transaction.TransactionalTestExecutionListener, org.springframework.test.context.jdbc.SqlScriptsTestExecutionListener]
16:32:22.313 [main] INFO  o.s.t.c.s.DefaultTestContextBootstrapper - Using TestExecutionListeners: [org.springframework.test.context.web.ServletTestExecutionListener@1e7c7811, org.springframework.test.context.support.DirtiesContextBeforeModesTestExecutionListener@77ec78b9, org.springframework.test.context.support.DependencyInjectionTestExecutionListener@1a3869f4, org.springframework.test.context.support.DirtiesContextTestExecutionListener@a38d7a3, org.springframework.test.context.transaction.TransactionalTestExecutionListener@77f99a05, org.springframework.test.context.jdbc.SqlScriptsTestExecutionListener@63440df3]
16:32:22.318 [main] DEBUG o.s.t.c.j.SpringJUnit4ClassRunner - SpringJUnit4ClassRunner constructor called with [class com.cdia.test.EmpleoServiceTest]
16:32:22.319 [main] DEBUG o.s.test.context.BootstrapUtils - Instantiating CacheAwareContextLoaderDelegate from class [org.springframework.test.context.cache.DefaultCacheAwareContextLoaderDelegate]
16:32:22.319 [main] DEBUG o.s.test.context.BootstrapUtils - Instantiating BootstrapContext using constructor [public org.springframework.test.context.support.DefaultBootstrapContext(java.lang.Class,org.springframework.test.context.CacheAwareContextLoaderDelegate)]
16:32:22.320 [main] DEBUG o.s.test.context.BootstrapUtils - Instantiating TestContextBootstrapper for test class [com.cdia.test.EmpleoServiceTest] from class [org.springframework.test.context.support.DefaultTestContextBootstrapper]
16:32:22.322 [main] DEBUG o.s.t.c.s.DefaultTestContextBootstrapper - Found explicit ContextLoader class [org.springframework.boot.test.SpringApplicationContextLoader] for context configuration attributes [ContextConfigurationAttributes@87f383f declaringClass = 'com.cdia.test.EmpleoServiceTest', classes = '{class com.cdia.DakaEmpleadoApplication}', locations = '{}', inheritLocations = true, initializers = '{}', inheritInitializers = true, name = [null], contextLoaderClass = 'org.springframework.boot.test.SpringApplicationContextLoader']
16:32:22.323 [main] DEBUG o.s.t.c.s.AbstractContextLoader - Did not detect default resource location for test class [com.cdia.test.EmpleoServiceTest]: class path resource [com/cdia/test/EmpleoServiceTest-context.xml] does not exist
16:32:22.324 [main] DEBUG o.s.t.c.s.AbstractContextLoader - Did not detect default resource location for test class [com.cdia.test.EmpleoServiceTest]: class path resource [com/cdia/test/EmpleoServiceTestContext.groovy] does not exist
16:32:22.324 [main] INFO  o.s.t.c.s.AbstractContextLoader - Could not detect default resource locations for test class [com.cdia.test.EmpleoServiceTest]: no resource found for suffixes {-context.xml, Context.groovy}.
16:32:22.324 [main] DEBUG o.s.t.c.support.ActiveProfilesUtils - Could not find an 'annotation declaring class' for annotation type [org.springframework.test.context.ActiveProfiles] and class [com.cdia.test.EmpleoServiceTest]
16:32:22.325 [main] DEBUG o.s.t.c.s.DefaultTestContextBootstrapper - @TestExecutionListeners is not present for class [com.cdia.test.EmpleoServiceTest]: using defaults.
16:32:22.327 [main] INFO  o.s.t.c.s.DefaultTestContextBootstrapper - Loaded default TestExecutionListener class names from location [META-INF/spring.factories]: [org.springframework.test.context.web.ServletTestExecutionListener, org.springframework.test.context.support.DirtiesContextBeforeModesTestExecutionListener, org.springframework.test.context.support.DependencyInjectionTestExecutionListener, org.springframework.test.context.support.DirtiesContextTestExecutionListener, org.springframework.test.context.transaction.TransactionalTestExecutionListener, org.springframework.test.context.jdbc.SqlScriptsTestExecutionListener]
16:32:22.328 [main] INFO  o.s.t.c.s.DefaultTestContextBootstrapper - Using TestExecutionListeners: [org.springframework.test.context.web.ServletTestExecutionListener@69b0fd6f, org.springframework.test.context.support.DirtiesContextBeforeModesTestExecutionListener@757942a1, org.springframework.test.context.support.DependencyInjectionTestExecutionListener@4a87761d, org.springframework.test.context.support.DirtiesContextTestExecutionListener@66d1af89, org.springframework.test.context.transaction.TransactionalTestExecutionListener@8646db9, org.springframework.test.context.jdbc.SqlScriptsTestExecutionListener@37374a5e]
16:32:22.334 [main] DEBUG o.s.t.c.j.SpringJUnit4ClassRunner - SpringJUnit4ClassRunner constructor called with [class com.cdia.test.EstudioFormRepositoryTest]
16:32:22.334 [main] DEBUG o.s.test.context.BootstrapUtils - Instantiating CacheAwareContextLoaderDelegate from class [org.springframework.test.context.cache.DefaultCacheAwareContextLoaderDelegate]
16:32:22.334 [main] DEBUG o.s.test.context.BootstrapUtils - Instantiating BootstrapContext using constructor [public org.springframework.test.context.support.DefaultBootstrapContext(java.lang.Class,org.springframework.test.context.CacheAwareContextLoaderDelegate)]
16:32:22.334 [main] DEBUG o.s.test.context.BootstrapUtils - Instantiating TestContextBootstrapper for test class [com.cdia.test.EstudioFormRepositoryTest] from class [org.springframework.test.context.support.DefaultTestContextBootstrapper]
16:32:22.341 [main] DEBUG o.s.t.c.s.DefaultTestContextBootstrapper - Found explicit ContextLoader class [org.springframework.boot.test.SpringApplicationContextLoader] for context configuration attributes [ContextConfigurationAttributes@74a10858 declaringClass = 'com.cdia.test.EstudioFormRepositoryTest', classes = '{class com.cdia.DakaEmpleadoApplication}', locations = '{}', inheritLocations = true, initializers = '{}', inheritInitializers = true, name = [null], contextLoaderClass = 'org.springframework.boot.test.SpringApplicationContextLoader']
16:32:22.342 [main] DEBUG o.s.t.c.s.AbstractContextLoader - Did not detect default resource location for test class [com.cdia.test.EstudioFormRepositoryTest]: class path resource [com/cdia/test/EstudioFormRepositoryTest-context.xml] does not exist
16:32:22.342 [main] DEBUG o.s.t.c.s.AbstractContextLoader - Did not detect default resource location for test class [com.cdia.test.EstudioFormRepositoryTest]: class path resource [com/cdia/test/EstudioFormRepositoryTestContext.groovy] does not exist
16:32:22.342 [main] INFO  o.s.t.c.s.AbstractContextLoader - Could not detect default resource locations for test class [com.cdia.test.EstudioFormRepositoryTest]: no resource found for suffixes {-context.xml, Context.groovy}.
16:32:22.343 [main] DEBUG o.s.t.c.support.ActiveProfilesUtils - Could not find an 'annotation declaring class' for annotation type [org.springframework.test.context.ActiveProfiles] and class [com.cdia.test.EstudioFormRepositoryTest]
16:32:22.343 [main] DEBUG o.s.t.c.s.DefaultTestContextBootstrapper - @TestExecutionListeners is not present for class [com.cdia.test.EstudioFormRepositoryTest]: using defaults.
16:32:22.346 [main] INFO  o.s.t.c.s.DefaultTestContextBootstrapper - Loaded default TestExecutionListener class names from location [META-INF/spring.factories]: [org.springframework.test.context.web.ServletTestExecutionListener, org.springframework.test.context.support.DirtiesContextBeforeModesTestExecutionListener, org.springframework.test.context.support.DependencyInjectionTestExecutionListener, org.springframework.test.context.support.DirtiesContextTestExecutionListener, org.springframework.test.context.transaction.TransactionalTestExecutionListener, org.springframework.test.context.jdbc.SqlScriptsTestExecutionListener]
16:32:22.346 [main] INFO  o.s.t.c.s.DefaultTestContextBootstrapper - Using TestExecutionListeners: [org.springframework.test.context.web.ServletTestExecutionListener@75881071, org.springframework.test.context.support.DirtiesContextBeforeModesTestExecutionListener@2a70a3d8, org.springframework.test.context.support.DependencyInjectionTestExecutionListener@289d1c02, org.springframework.test.context.support.DirtiesContextTestExecutionListener@22eeefeb, org.springframework.test.context.transaction.TransactionalTestExecutionListener@17d0685f, org.springframework.test.context.jdbc.SqlScriptsTestExecutionListener@3891771e]
16:32:22.350 [main] DEBUG o.s.t.c.j.SpringJUnit4ClassRunner - SpringJUnit4ClassRunner constructor called with [class com.cdia.test.ExpLabServiceTest]
16:32:22.350 [main] DEBUG o.s.test.context.BootstrapUtils - Instantiating CacheAwareContextLoaderDelegate from class [org.springframework.test.context.cache.DefaultCacheAwareContextLoaderDelegate]
16:32:22.350 [main] DEBUG o.s.test.context.BootstrapUtils - Instantiating BootstrapContext using constructor [public org.springframework.test.context.support.DefaultBootstrapContext(java.lang.Class,org.springframework.test.context.CacheAwareContextLoaderDelegate)]
16:32:22.351 [main] DEBUG o.s.test.context.BootstrapUtils - Instantiating TestContextBootstrapper for test class [com.cdia.test.ExpLabServiceTest] from class [org.springframework.test.context.support.DefaultTestContextBootstrapper]
16:32:22.352 [main] DEBUG o.s.t.c.s.DefaultTestContextBootstrapper - Found explicit ContextLoader class [org.springframework.boot.test.SpringApplicationContextLoader] for context configuration attributes [ContextConfigurationAttributes@2de8284b declaringClass = 'com.cdia.test.ExpLabServiceTest', classes = '{class com.cdia.DakaEmpleadoApplication}', locations = '{}', inheritLocations = true, initializers = '{}', inheritInitializers = true, name = [null], contextLoaderClass = 'org.springframework.boot.test.SpringApplicationContextLoader']
16:32:22.353 [main] DEBUG o.s.t.c.s.AbstractContextLoader - Did not detect default resource location for test class [com.cdia.test.ExpLabServiceTest]: class path resource [com/cdia/test/ExpLabServiceTest-context.xml] does not exist
16:32:22.354 [main] DEBUG o.s.t.c.s.AbstractContextLoader - Did not detect default resource location for test class [com.cdia.test.ExpLabServiceTest]: class path resource [com/cdia/test/ExpLabServiceTestContext.groovy] does not exist
16:32:22.354 [main] INFO  o.s.t.c.s.AbstractContextLoader - Could not detect default resource locations for test class [com.cdia.test.ExpLabServiceTest]: no resource found for suffixes {-context.xml, Context.groovy}.
16:32:22.354 [main] DEBUG o.s.t.c.support.ActiveProfilesUtils - Could not find an 'annotation declaring class' for annotation type [org.springframework.test.context.ActiveProfiles] and class [com.cdia.test.ExpLabServiceTest]
16:32:22.354 [main] DEBUG o.s.t.c.s.DefaultTestContextBootstrapper - @TestExecutionListeners is not present for class [com.cdia.test.ExpLabServiceTest]: using defaults.
16:32:22.362 [main] INFO  o.s.t.c.s.DefaultTestContextBootstrapper - Loaded default TestExecutionListener class names from location [META-INF/spring.factories]: [org.springframework.test.context.web.ServletTestExecutionListener, org.springframework.test.context.support.DirtiesContextBeforeModesTestExecutionListener, org.springframework.test.context.support.DependencyInjectionTestExecutionListener, org.springframework.test.context.support.DirtiesContextTestExecutionListener, org.springframework.test.context.transaction.TransactionalTestExecutionListener, org.springframework.test.context.jdbc.SqlScriptsTestExecutionListener]
16:32:22.363 [main] INFO  o.s.t.c.s.DefaultTestContextBootstrapper - Using TestExecutionListeners: [org.springframework.test.context.web.ServletTestExecutionListener@6ec8211c, org.springframework.test.context.support.DirtiesContextBeforeModesTestExecutionListener@7276c8cd, org.springframework.test.context.support.DependencyInjectionTestExecutionListener@544a2ea6, org.springframework.test.context.support.DirtiesContextTestExecutionListener@2e3fc542, org.springframework.test.context.transaction.TransactionalTestExecutionListener@150c158, org.springframework.test.context.jdbc.SqlScriptsTestExecutionListener@4524411f]
16:32:22.367 [main] DEBUG o.s.t.c.j.SpringJUnit4ClassRunner - SpringJUnit4ClassRunner constructor called with [class com.cdia.test.FamiliarServiceTest]
16:32:22.367 [main] DEBUG o.s.test.context.BootstrapUtils - Instantiating CacheAwareContextLoaderDelegate from class [org.springframework.test.context.cache.DefaultCacheAwareContextLoaderDelegate]
16:32:22.370 [main] DEBUG o.s.test.context.BootstrapUtils - Instantiating BootstrapContext using constructor [public org.springframework.test.context.support.DefaultBootstrapContext(java.lang.Class,org.springframework.test.context.CacheAwareContextLoaderDelegate)]
16:32:22.371 [main] DEBUG o.s.test.context.BootstrapUtils - Instantiating TestContextBootstrapper for test class [com.cdia.test.FamiliarServiceTest] from class [org.springframework.test.context.support.DefaultTestContextBootstrapper]
16:32:22.374 [main] DEBUG o.s.t.c.s.DefaultTestContextBootstrapper - Found explicit ContextLoader class [org.springframework.boot.test.SpringApplicationContextLoader] for context configuration attributes [ContextConfigurationAttributes@704d6e83 declaringClass = 'com.cdia.test.FamiliarServiceTest', classes = '{class com.cdia.DakaEmpleadoApplication}', locations = '{}', inheritLocations = true, initializers = '{}', inheritInitializers = true, name = [null], contextLoaderClass = 'org.springframework.boot.test.SpringApplicationContextLoader']
16:32:22.375 [main] DEBUG o.s.t.c.s.AbstractContextLoader - Did not detect default resource location for test class [com.cdia.test.FamiliarServiceTest]: class path resource [com/cdia/test/FamiliarServiceTest-context.xml] does not exist
16:32:22.376 [main] DEBUG o.s.t.c.s.AbstractContextLoader - Did not detect default resource location for test class [com.cdia.test.FamiliarServiceTest]: class path resource [com/cdia/test/FamiliarServiceTestContext.groovy] does not exist
16:32:22.376 [main] INFO  o.s.t.c.s.AbstractContextLoader - Could not detect default resource locations for test class [com.cdia.test.FamiliarServiceTest]: no resource found for suffixes {-context.xml, Context.groovy}.
16:32:22.376 [main] DEBUG o.s.t.c.support.ActiveProfilesUtils - Could not find an 'annotation declaring class' for annotation type [org.springframework.test.context.ActiveProfiles] and class [com.cdia.test.FamiliarServiceTest]
16:32:22.377 [main] DEBUG o.s.t.c.s.DefaultTestContextBootstrapper - @TestExecutionListeners is not present for class [com.cdia.test.FamiliarServiceTest]: using defaults.
16:32:22.380 [main] INFO  o.s.t.c.s.DefaultTestContextBootstrapper - Loaded default TestExecutionListener class names from location [META-INF/spring.factories]: [org.springframework.test.context.web.ServletTestExecutionListener, org.springframework.test.context.support.DirtiesContextBeforeModesTestExecutionListener, org.springframework.test.context.support.DependencyInjectionTestExecutionListener, org.springframework.test.context.support.DirtiesContextTestExecutionListener, org.springframework.test.context.transaction.TransactionalTestExecutionListener, org.springframework.test.context.jdbc.SqlScriptsTestExecutionListener]
16:32:22.381 [main] INFO  o.s.t.c.s.DefaultTestContextBootstrapper - Using TestExecutionListeners: [org.springframework.test.context.web.ServletTestExecutionListener@149494d8, org.springframework.test.context.support.DirtiesContextBeforeModesTestExecutionListener@710726a3, org.springframework.test.context.support.DependencyInjectionTestExecutionListener@646007f4, org.springframework.test.context.support.DirtiesContextTestExecutionListener@481a15ff, org.springframework.test.context.transaction.TransactionalTestExecutionListener@78186a70, org.springframework.test.context.jdbc.SqlScriptsTestExecutionListener@306279ee]
16:32:22.383 [main] DEBUG o.s.t.c.j.SpringJUnit4ClassRunner - SpringJUnit4ClassRunner constructor called with [class com.cdia.test.FormAcademServiceTest]
16:32:22.384 [main] DEBUG o.s.test.context.BootstrapUtils - Instantiating CacheAwareContextLoaderDelegate from class [org.springframework.test.context.cache.DefaultCacheAwareContextLoaderDelegate]
16:32:22.384 [main] DEBUG o.s.test.context.BootstrapUtils - Instantiating BootstrapContext using constructor [public org.springframework.test.context.support.DefaultBootstrapContext(java.lang.Class,org.springframework.test.context.CacheAwareContextLoaderDelegate)]
16:32:22.385 [main] DEBUG o.s.test.context.BootstrapUtils - Instantiating TestContextBootstrapper for test class [com.cdia.test.FormAcademServiceTest] from class [org.springframework.test.context.support.DefaultTestContextBootstrapper]
16:32:22.386 [main] DEBUG o.s.t.c.s.DefaultTestContextBootstrapper - Found explicit ContextLoader class [org.springframework.boot.test.SpringApplicationContextLoader] for context configuration attributes [ContextConfigurationAttributes@4cf4d528 declaringClass = 'com.cdia.test.FormAcademServiceTest', classes = '{class com.cdia.DakaEmpleadoApplication}', locations = '{}', inheritLocations = true, initializers = '{}', inheritInitializers = true, name = [null], contextLoaderClass = 'org.springframework.boot.test.SpringApplicationContextLoader']
16:32:22.387 [main] DEBUG o.s.t.c.s.AbstractContextLoader - Did not detect default resource location for test class [com.cdia.test.FormAcademServiceTest]: class path resource [com/cdia/test/FormAcademServiceTest-context.xml] does not exist
16:32:22.388 [main] DEBUG o.s.t.c.s.AbstractContextLoader - Did not detect default resource location for test class [com.cdia.test.FormAcademServiceTest]: class path resource [com/cdia/test/FormAcademServiceTestContext.groovy] does not exist
16:32:22.388 [main] INFO  o.s.t.c.s.AbstractContextLoader - Could not detect default resource locations for test class [com.cdia.test.FormAcademServiceTest]: no resource found for suffixes {-context.xml, Context.groovy}.
16:32:22.389 [main] DEBUG o.s.t.c.support.ActiveProfilesUtils - Could not find an 'annotation declaring class' for annotation type [org.springframework.test.context.ActiveProfiles] and class [com.cdia.test.FormAcademServiceTest]
16:32:22.389 [main] DEBUG o.s.t.c.s.DefaultTestContextBootstrapper - @TestExecutionListeners is not present for class [com.cdia.test.FormAcademServiceTest]: using defaults.
16:32:22.393 [main] INFO  o.s.t.c.s.DefaultTestContextBootstrapper - Loaded default TestExecutionListener class names from location [META-INF/spring.factories]: [org.springframework.test.context.web.ServletTestExecutionListener, org.springframework.test.context.support.DirtiesContextBeforeModesTestExecutionListener, org.springframework.test.context.support.DependencyInjectionTestExecutionListener, org.springframework.test.context.support.DirtiesContextTestExecutionListener, org.springframework.test.context.transaction.TransactionalTestExecutionListener, org.springframework.test.context.jdbc.SqlScriptsTestExecutionListener]
16:32:22.398 [main] INFO  o.s.t.c.s.DefaultTestContextBootstrapper - Using TestExecutionListeners: [org.springframework.test.context.web.ServletTestExecutionListener@27d415d9, org.springframework.test.context.support.DirtiesContextBeforeModesTestExecutionListener@5c18298f, org.springframework.test.context.support.DependencyInjectionTestExecutionListener@31f924f5, org.springframework.test.context.support.DirtiesContextTestExecutionListener@5579bb86, org.springframework.test.context.transaction.TransactionalTestExecutionListener@5204062d, org.springframework.test.context.jdbc.SqlScriptsTestExecutionListener@4fcd19b3]
16:32:22.400 [main] DEBUG o.s.t.c.j.SpringJUnit4ClassRunner - SpringJUnit4ClassRunner constructor called with [class com.cdia.test.LocalzServiceTest]
16:32:22.400 [main] DEBUG o.s.test.context.BootstrapUtils - Instantiating CacheAwareContextLoaderDelegate from class [org.springframework.test.context.cache.DefaultCacheAwareContextLoaderDelegate]
16:32:22.401 [main] DEBUG o.s.test.context.BootstrapUtils - Instantiating BootstrapContext using constructor [public org.springframework.test.context.support.DefaultBootstrapContext(java.lang.Class,org.springframework.test.context.CacheAwareContextLoaderDelegate)]
16:32:22.401 [main] DEBUG o.s.test.context.BootstrapUtils - Instantiating TestContextBootstrapper for test class [com.cdia.test.LocalzServiceTest] from class [org.springframework.test.context.support.DefaultTestContextBootstrapper]
16:32:22.412 [main] DEBUG o.s.t.c.s.DefaultTestContextBootstrapper - Found explicit ContextLoader class [org.springframework.boot.test.SpringApplicationContextLoader] for context configuration attributes [ContextConfigurationAttributes@68ceda24 declaringClass = 'com.cdia.test.LocalzServiceTest', classes = '{class com.cdia.DakaEmpleadoApplication}', locations = '{}', inheritLocations = true, initializers = '{}', inheritInitializers = true, name = [null], contextLoaderClass = 'org.springframework.boot.test.SpringApplicationContextLoader']
16:32:22.424 [main] DEBUG o.s.t.c.s.AbstractContextLoader - Did not detect default resource location for test class [com.cdia.test.LocalzServiceTest]: class path resource [com/cdia/test/LocalzServiceTest-context.xml] does not exist
16:32:22.425 [main] DEBUG o.s.t.c.s.AbstractContextLoader - Did not detect default resource location for test class [com.cdia.test.LocalzServiceTest]: class path resource [com/cdia/test/LocalzServiceTestContext.groovy] does not exist
16:32:22.426 [main] INFO  o.s.t.c.s.AbstractContextLoader - Could not detect default resource locations for test class [com.cdia.test.LocalzServiceTest]: no resource found for suffixes {-context.xml, Context.groovy}.
16:32:22.426 [main] DEBUG o.s.t.c.support.ActiveProfilesUtils - Could not find an 'annotation declaring class' for annotation type [org.springframework.test.context.ActiveProfiles] and class [com.cdia.test.LocalzServiceTest]
16:32:22.427 [main] DEBUG o.s.t.c.s.DefaultTestContextBootstrapper - @TestExecutionListeners is not present for class [com.cdia.test.LocalzServiceTest]: using defaults.
16:32:22.430 [main] INFO  o.s.t.c.s.DefaultTestContextBootstrapper - Loaded default TestExecutionListener class names from location [META-INF/spring.factories]: [org.springframework.test.context.web.ServletTestExecutionListener, org.springframework.test.context.support.DirtiesContextBeforeModesTestExecutionListener, org.springframework.test.context.support.DependencyInjectionTestExecutionListener, org.springframework.test.context.support.DirtiesContextTestExecutionListener, org.springframework.test.context.transaction.TransactionalTestExecutionListener, org.springframework.test.context.jdbc.SqlScriptsTestExecutionListener]
16:32:22.430 [main] INFO  o.s.t.c.s.DefaultTestContextBootstrapper - Using TestExecutionListeners: [org.springframework.test.context.web.ServletTestExecutionListener@44a3ec6b, org.springframework.test.context.support.DirtiesContextBeforeModesTestExecutionListener@71623278, org.springframework.test.context.support.DependencyInjectionTestExecutionListener@768b970c, org.springframework.test.context.support.DirtiesContextTestExecutionListener@5a4041cc, org.springframework.test.context.transaction.TransactionalTestExecutionListener@15b3e5b, org.springframework.test.context.jdbc.SqlScriptsTestExecutionListener@61ca2dfa]
16:32:22.433 [main] DEBUG o.s.t.c.j.SpringJUnit4ClassRunner - SpringJUnit4ClassRunner constructor called with [class com.cdia.test.PrestSocialServiceTest]
16:32:22.433 [main] DEBUG o.s.test.context.BootstrapUtils - Instantiating CacheAwareContextLoaderDelegate from class [org.springframework.test.context.cache.DefaultCacheAwareContextLoaderDelegate]
16:32:22.434 [main] DEBUG o.s.test.context.BootstrapUtils - Instantiating BootstrapContext using constructor [public org.springframework.test.context.support.DefaultBootstrapContext(java.lang.Class,org.springframework.test.context.CacheAwareContextLoaderDelegate)]
16:32:22.434 [main] DEBUG o.s.test.context.BootstrapUtils - Instantiating TestContextBootstrapper for test class [com.cdia.test.PrestSocialServiceTest] from class [org.springframework.test.context.support.DefaultTestContextBootstrapper]
16:32:22.437 [main] DEBUG o.s.t.c.s.DefaultTestContextBootstrapper - Found explicit ContextLoader class [org.springframework.boot.test.SpringApplicationContextLoader] for context configuration attributes [ContextConfigurationAttributes@4bb4de6a declaringClass = 'com.cdia.test.PrestSocialServiceTest', classes = '{class com.cdia.DakaEmpleadoApplication}', locations = '{}', inheritLocations = true, initializers = '{}', inheritInitializers = true, name = [null], contextLoaderClass = 'org.springframework.boot.test.SpringApplicationContextLoader']
16:32:22.437 [main] DEBUG o.s.t.c.s.AbstractContextLoader - Did not detect default resource location for test class [com.cdia.test.PrestSocialServiceTest]: class path resource [com/cdia/test/PrestSocialServiceTest-context.xml] does not exist
16:32:22.438 [main] DEBUG o.s.t.c.s.AbstractContextLoader - Did not detect default resource location for test class [com.cdia.test.PrestSocialServiceTest]: class path resource [com/cdia/test/PrestSocialServiceTestContext.groovy] does not exist
16:32:22.439 [main] INFO  o.s.t.c.s.AbstractContextLoader - Could not detect default resource locations for test class [com.cdia.test.PrestSocialServiceTest]: no resource found for suffixes {-context.xml, Context.groovy}.
16:32:22.439 [main] DEBUG o.s.t.c.support.ActiveProfilesUtils - Could not find an 'annotation declaring class' for annotation type [org.springframework.test.context.ActiveProfiles] and class [com.cdia.test.PrestSocialServiceTest]
16:32:22.440 [main] DEBUG o.s.t.c.s.DefaultTestContextBootstrapper - @TestExecutionListeners is not present for class [com.cdia.test.PrestSocialServiceTest]: using defaults.
16:32:22.445 [main] INFO  o.s.t.c.s.DefaultTestContextBootstrapper - Loaded default TestExecutionListener class names from location [META-INF/spring.factories]: [org.springframework.test.context.web.ServletTestExecutionListener, org.springframework.test.context.support.DirtiesContextBeforeModesTestExecutionListener, org.springframework.test.context.support.DependencyInjectionTestExecutionListener, org.springframework.test.context.support.DirtiesContextTestExecutionListener, org.springframework.test.context.transaction.TransactionalTestExecutionListener, org.springframework.test.context.jdbc.SqlScriptsTestExecutionListener]
16:32:22.446 [main] INFO  o.s.t.c.s.DefaultTestContextBootstrapper - Using TestExecutionListeners: [org.springframework.test.context.web.ServletTestExecutionListener@5427c60c, org.springframework.test.context.support.DirtiesContextBeforeModesTestExecutionListener@15bfd87, org.springframework.test.context.support.DependencyInjectionTestExecutionListener@543e710e, org.springframework.test.context.support.DirtiesContextTestExecutionListener@57f23557, org.springframework.test.context.transaction.TransactionalTestExecutionListener@3d0f8e03, org.springframework.test.context.jdbc.SqlScriptsTestExecutionListener@6366ebe0]
16:32:22.710 [main] DEBUG o.s.t.c.j.SpringJUnit4ClassRunner - SpringJUnit4ClassRunner constructor called with [class com.cdia.test.TpDctoServiceTest]
16:32:22.711 [main] DEBUG o.s.test.context.BootstrapUtils - Instantiating CacheAwareContextLoaderDelegate from class [org.springframework.test.context.cache.DefaultCacheAwareContextLoaderDelegate]
16:32:22.711 [main] DEBUG o.s.test.context.BootstrapUtils - Instantiating BootstrapContext using constructor [public org.springframework.test.context.support.DefaultBootstrapContext(java.lang.Class,org.springframework.test.context.CacheAwareContextLoaderDelegate)]
16:32:22.711 [main] DEBUG o.s.test.context.BootstrapUtils - Instantiating TestContextBootstrapper for test class [com.cdia.test.TpDctoServiceTest] from class [org.springframework.test.context.support.DefaultTestContextBootstrapper]
16:32:22.712 [main] DEBUG o.s.t.c.s.DefaultTestContextBootstrapper - Found explicit ContextLoader class [org.springframework.boot.test.SpringApplicationContextLoader] for context configuration attributes [ContextConfigurationAttributes@2698dc7 declaringClass = 'com.cdia.test.TpDctoServiceTest', classes = '{class com.cdia.DakaEmpleadoApplication}', locations = '{}', inheritLocations = true, initializers = '{}', inheritInitializers = true, name = [null], contextLoaderClass = 'org.springframework.boot.test.SpringApplicationContextLoader']
16:32:22.715 [main] DEBUG o.s.t.c.s.AbstractContextLoader - Did not detect default resource location for test class [com.cdia.test.TpDctoServiceTest]: class path resource [com/cdia/test/TpDctoServiceTest-context.xml] does not exist
16:32:22.720 [main] DEBUG o.s.t.c.s.AbstractContextLoader - Did not detect default resource location for test class [com.cdia.test.TpDctoServiceTest]: class path resource [com/cdia/test/TpDctoServiceTestContext.groovy] does not exist
16:32:22.725 [main] INFO  o.s.t.c.s.AbstractContextLoader - Could not detect default resource locations for test class [com.cdia.test.TpDctoServiceTest]: no resource found for suffixes {-context.xml, Context.groovy}.
16:32:22.725 [main] DEBUG o.s.t.c.support.ActiveProfilesUtils - Could not find an 'annotation declaring class' for annotation type [org.springframework.test.context.ActiveProfiles] and class [com.cdia.test.TpDctoServiceTest]
16:32:22.726 [main] DEBUG o.s.t.c.s.DefaultTestContextBootstrapper - @TestExecutionListeners is not present for class [com.cdia.test.TpDctoServiceTest]: using defaults.
16:32:22.759 [main] INFO  o.s.t.c.s.DefaultTestContextBootstrapper - Loaded default TestExecutionListener class names from location [META-INF/spring.factories]: [org.springframework.test.context.web.ServletTestExecutionListener, org.springframework.test.context.support.DirtiesContextBeforeModesTestExecutionListener, org.springframework.test.context.support.DependencyInjectionTestExecutionListener, org.springframework.test.context.support.DirtiesContextTestExecutionListener, org.springframework.test.context.transaction.TransactionalTestExecutionListener, org.springframework.test.context.jdbc.SqlScriptsTestExecutionListener]
16:32:22.759 [main] INFO  o.s.t.c.s.DefaultTestContextBootstrapper - Using TestExecutionListeners: [org.springframework.test.context.web.ServletTestExecutionListener@51b279c9, org.springframework.test.context.support.DirtiesContextBeforeModesTestExecutionListener@1ad282e0, org.springframework.test.context.support.DependencyInjectionTestExecutionListener@7f416310, org.springframework.test.context.support.DirtiesContextTestExecutionListener@1cab0bfb, org.springframework.test.context.transaction.TransactionalTestExecutionListener@5e955596, org.springframework.test.context.jdbc.SqlScriptsTestExecutionListener@50de0926]
16:32:22.760 [main] DEBUG o.s.t.c.j.SpringJUnit4ClassRunner - SpringJUnit4ClassRunner constructor called with [class com.cdia.test.TpViviendaServiceTest]
16:32:22.760 [main] DEBUG o.s.test.context.BootstrapUtils - Instantiating CacheAwareContextLoaderDelegate from class [org.springframework.test.context.cache.DefaultCacheAwareContextLoaderDelegate]
16:32:22.760 [main] DEBUG o.s.test.context.BootstrapUtils - Instantiating BootstrapContext using constructor [public org.springframework.test.context.support.DefaultBootstrapContext(java.lang.Class,org.springframework.test.context.CacheAwareContextLoaderDelegate)]
16:32:22.761 [main] DEBUG o.s.test.context.BootstrapUtils - Instantiating TestContextBootstrapper for test class [com.cdia.test.TpViviendaServiceTest] from class [org.springframework.test.context.support.DefaultTestContextBootstrapper]
16:32:22.762 [main] DEBUG o.s.t.c.s.DefaultTestContextBootstrapper - Found explicit ContextLoader class [org.springframework.boot.test.SpringApplicationContextLoader] for context configuration attributes [ContextConfigurationAttributes@60438a68 declaringClass = 'com.cdia.test.TpViviendaServiceTest', classes = '{class com.cdia.DakaEmpleadoApplication}', locations = '{}', inheritLocations = true, initializers = '{}', inheritInitializers = true, name = [null], contextLoaderClass = 'org.springframework.boot.test.SpringApplicationContextLoader']
16:32:22.762 [main] DEBUG o.s.t.c.s.AbstractContextLoader - Did not detect default resource location for test class [com.cdia.test.TpViviendaServiceTest]: class path resource [com/cdia/test/TpViviendaServiceTest-context.xml] does not exist
16:32:22.762 [main] DEBUG o.s.t.c.s.AbstractContextLoader - Did not detect default resource location for test class [com.cdia.test.TpViviendaServiceTest]: class path resource [com/cdia/test/TpViviendaServiceTestContext.groovy] does not exist
16:32:22.762 [main] INFO  o.s.t.c.s.AbstractContextLoader - Could not detect default resource locations for test class [com.cdia.test.TpViviendaServiceTest]: no resource found for suffixes {-context.xml, Context.groovy}.
16:32:22.763 [main] DEBUG o.s.t.c.support.ActiveProfilesUtils - Could not find an 'annotation declaring class' for annotation type [org.springframework.test.context.ActiveProfiles] and class [com.cdia.test.TpViviendaServiceTest]
16:32:22.763 [main] DEBUG o.s.t.c.s.DefaultTestContextBootstrapper - @TestExecutionListeners is not present for class [com.cdia.test.TpViviendaServiceTest]: using defaults.
16:32:22.765 [main] INFO  o.s.t.c.s.DefaultTestContextBootstrapper - Loaded default TestExecutionListener class names from location [META-INF/spring.factories]: [org.springframework.test.context.web.ServletTestExecutionListener, org.springframework.test.context.support.DirtiesContextBeforeModesTestExecutionListener, org.springframework.test.context.support.DependencyInjectionTestExecutionListener, org.springframework.test.context.support.DirtiesContextTestExecutionListener, org.springframework.test.context.transaction.TransactionalTestExecutionListener, org.springframework.test.context.jdbc.SqlScriptsTestExecutionListener]
16:32:22.765 [main] INFO  o.s.t.c.s.DefaultTestContextBootstrapper - Using TestExecutionListeners: [org.springframework.test.context.web.ServletTestExecutionListener@2a40cd94, org.springframework.test.context.support.DirtiesContextBeforeModesTestExecutionListener@f4168b8, org.springframework.test.context.support.DependencyInjectionTestExecutionListener@3bd94634, org.springframework.test.context.support.DirtiesContextTestExecutionListener@58a90037, org.springframework.test.context.transaction.TransactionalTestExecutionListener@74294adb, org.springframework.test.context.jdbc.SqlScriptsTestExecutionListener@70a9f84e]
16:32:22.794 [main] DEBUG o.s.t.annotation.ProfileValueUtils - Retrieved @ProfileValueSourceConfiguration [null] for test class [com.cdia.test.EmpleadoControllerTest]
16:32:22.795 [main] DEBUG o.s.t.annotation.ProfileValueUtils - Retrieved ProfileValueSource type [class org.springframework.test.annotation.SystemProfileValueSource] for class [com.cdia.test.EmpleadoControllerTest]
16:32:22.796 [main] DEBUG o.s.t.annotation.ProfileValueUtils - Retrieved @ProfileValueSourceConfiguration [null] for test class [com.cdia.test.EmpleadoServiceTest]
16:32:22.796 [main] DEBUG o.s.t.annotation.ProfileValueUtils - Retrieved ProfileValueSource type [class org.springframework.test.annotation.SystemProfileValueSource] for class [com.cdia.test.EmpleadoServiceTest]
16:32:22.797 [main] DEBUG o.s.t.annotation.ProfileValueUtils - Retrieved @ProfileValueSourceConfiguration [null] for test class [com.cdia.test.EmpleoServiceTest]
16:32:22.797 [main] DEBUG o.s.t.annotation.ProfileValueUtils - Retrieved ProfileValueSource type [class org.springframework.test.annotation.SystemProfileValueSource] for class [com.cdia.test.EmpleoServiceTest]
16:32:22.797 [main] DEBUG o.s.t.annotation.ProfileValueUtils - Retrieved @ProfileValueSourceConfiguration [null] for test class [com.cdia.test.EstudioFormRepositoryTest]
16:32:22.797 [main] DEBUG o.s.t.annotation.ProfileValueUtils - Retrieved ProfileValueSource type [class org.springframework.test.annotation.SystemProfileValueSource] for class [com.cdia.test.EstudioFormRepositoryTest]
16:32:22.797 [main] DEBUG o.s.t.annotation.ProfileValueUtils - Retrieved @ProfileValueSourceConfiguration [null] for test class [com.cdia.test.ExpLabServiceTest]
16:32:22.797 [main] DEBUG o.s.t.annotation.ProfileValueUtils - Retrieved ProfileValueSource type [class org.springframework.test.annotation.SystemProfileValueSource] for class [com.cdia.test.ExpLabServiceTest]
16:32:22.798 [main] DEBUG o.s.t.annotation.ProfileValueUtils - Retrieved @ProfileValueSourceConfiguration [null] for test class [com.cdia.test.FamiliarServiceTest]
16:32:22.798 [main] DEBUG o.s.t.annotation.ProfileValueUtils - Retrieved ProfileValueSource type [class org.springframework.test.annotation.SystemProfileValueSource] for class [com.cdia.test.FamiliarServiceTest]
16:32:22.799 [main] DEBUG o.s.t.annotation.ProfileValueUtils - Retrieved @ProfileValueSourceConfiguration [null] for test class [com.cdia.test.FormAcademServiceTest]
16:32:22.799 [main] DEBUG o.s.t.annotation.ProfileValueUtils - Retrieved ProfileValueSource type [class org.springframework.test.annotation.SystemProfileValueSource] for class [com.cdia.test.FormAcademServiceTest]
16:32:22.799 [main] DEBUG o.s.t.annotation.ProfileValueUtils - Retrieved @ProfileValueSourceConfiguration [null] for test class [com.cdia.test.LocalzServiceTest]
16:32:22.799 [main] DEBUG o.s.t.annotation.ProfileValueUtils - Retrieved ProfileValueSource type [class org.springframework.test.annotation.SystemProfileValueSource] for class [com.cdia.test.LocalzServiceTest]
16:32:22.800 [main] DEBUG o.s.t.annotation.ProfileValueUtils - Retrieved @ProfileValueSourceConfiguration [null] for test class [com.cdia.test.PrestSocialServiceTest]
16:32:22.800 [main] DEBUG o.s.t.annotation.ProfileValueUtils - Retrieved ProfileValueSource type [class org.springframework.test.annotation.SystemProfileValueSource] for class [com.cdia.test.PrestSocialServiceTest]
16:32:22.800 [main] DEBUG o.s.t.annotation.ProfileValueUtils - Retrieved @ProfileValueSourceConfiguration [null] for test class [com.cdia.test.TpDctoServiceTest]
16:32:22.800 [main] DEBUG o.s.t.annotation.ProfileValueUtils - Retrieved ProfileValueSource type [class org.springframework.test.annotation.SystemProfileValueSource] for class [com.cdia.test.TpDctoServiceTest]
16:32:22.801 [main] DEBUG o.s.t.annotation.ProfileValueUtils - Retrieved @ProfileValueSourceConfiguration [null] for test class [com.cdia.test.TpViviendaServiceTest]
16:32:22.801 [main] DEBUG o.s.t.annotation.ProfileValueUtils - Retrieved ProfileValueSource type [class org.springframework.test.annotation.SystemProfileValueSource] for class [com.cdia.test.TpViviendaServiceTest]
16:32:22.804 [main] DEBUG o.s.t.c.j.SpringJUnit4ClassRunner - SpringJUnit4ClassRunner constructor called with [class com.cdia.test.EmpleadoControllerTest]
16:32:22.804 [main] DEBUG o.s.test.context.BootstrapUtils - Instantiating CacheAwareContextLoaderDelegate from class [org.springframework.test.context.cache.DefaultCacheAwareContextLoaderDelegate]
16:32:22.804 [main] DEBUG o.s.test.context.BootstrapUtils - Instantiating BootstrapContext using constructor [public org.springframework.test.context.support.DefaultBootstrapContext(java.lang.Class,org.springframework.test.context.CacheAwareContextLoaderDelegate)]
16:32:22.805 [main] DEBUG o.s.test.context.BootstrapUtils - Instantiating TestContextBootstrapper for test class [com.cdia.test.EmpleadoControllerTest] from class [org.springframework.test.context.web.WebTestContextBootstrapper]
16:32:22.807 [main] DEBUG o.s.t.c.w.WebTestContextBootstrapper - Found explicit ContextLoader class [org.springframework.boot.test.SpringApplicationContextLoader] for context configuration attributes [ContextConfigurationAttributes@32cf48b7 declaringClass = 'com.cdia.test.EmpleadoControllerTest', classes = '{class com.cdia.DakaEmpleadoApplication}', locations = '{}', inheritLocations = true, initializers = '{}', inheritInitializers = true, name = [null], contextLoaderClass = 'org.springframework.boot.test.SpringApplicationContextLoader']
16:32:22.808 [main] DEBUG o.s.t.c.s.AbstractContextLoader - Did not detect default resource location for test class [com.cdia.test.EmpleadoControllerTest]: class path resource [com/cdia/test/EmpleadoControllerTest-context.xml] does not exist
16:32:22.808 [main] DEBUG o.s.t.c.s.AbstractContextLoader - Did not detect default resource location for test class [com.cdia.test.EmpleadoControllerTest]: class path resource [com/cdia/test/EmpleadoControllerTestContext.groovy] does not exist
16:32:22.808 [main] INFO  o.s.t.c.s.AbstractContextLoader - Could not detect default resource locations for test class [com.cdia.test.EmpleadoControllerTest]: no resource found for suffixes {-context.xml, Context.groovy}.
16:32:22.809 [main] DEBUG o.s.t.c.support.ActiveProfilesUtils - Could not find an 'annotation declaring class' for annotation type [org.springframework.test.context.ActiveProfiles] and class [com.cdia.test.EmpleadoControllerTest]
16:32:22.809 [main] DEBUG o.s.t.c.w.WebTestContextBootstrapper - @TestExecutionListeners is not present for class [com.cdia.test.EmpleadoControllerTest]: using defaults.
16:32:22.812 [main] INFO  o.s.t.c.w.WebTestContextBootstrapper - Loaded default TestExecutionListener class names from location [META-INF/spring.factories]: [org.springframework.test.context.web.ServletTestExecutionListener, org.springframework.test.context.support.DirtiesContextBeforeModesTestExecutionListener, org.springframework.test.context.support.DependencyInjectionTestExecutionListener, org.springframework.test.context.support.DirtiesContextTestExecutionListener, org.springframework.test.context.transaction.TransactionalTestExecutionListener, org.springframework.test.context.jdbc.SqlScriptsTestExecutionListener]
16:32:22.812 [main] INFO  o.s.t.c.w.WebTestContextBootstrapper - Using TestExecutionListeners: [org.springframework.test.context.web.ServletTestExecutionListener@11c20519, org.springframework.test.context.support.DirtiesContextBeforeModesTestExecutionListener@70beb599, org.springframework.test.context.support.DependencyInjectionTestExecutionListener@4e41089d, org.springframework.test.context.support.DirtiesContextTestExecutionListener@32a068d1, org.springframework.test.context.transaction.TransactionalTestExecutionListener@33cb5951, org.springframework.test.context.jdbc.SqlScriptsTestExecutionListener@365c30cc]
16:32:22.813 [main] DEBUG o.s.t.annotation.ProfileValueUtils - Retrieved @ProfileValueSourceConfiguration [null] for test class [com.cdia.test.EmpleadoControllerTest]
16:32:22.813 [main] DEBUG o.s.t.annotation.ProfileValueUtils - Retrieved ProfileValueSource type [class org.springframework.test.annotation.SystemProfileValueSource] for class [com.cdia.test.EmpleadoControllerTest]
16:32:22.887 [main] DEBUG o.s.t.annotation.ProfileValueUtils - Retrieved @ProfileValueSourceConfiguration [null] for test class [com.cdia.test.EmpleadoControllerTest]
16:32:22.888 [main] DEBUG o.s.t.annotation.ProfileValueUtils - Retrieved ProfileValueSource type [class org.springframework.test.annotation.SystemProfileValueSource] for class [com.cdia.test.EmpleadoControllerTest]
]]></system-out>
  </testcase>
  <testcase name="modifyEmpleado" classname="com.cdia.test.EmpleadoControllerTest" time="0">
    <skipped/>
  </testcase>
  <testcase name="createEmpleado" classname="com.cdia.test.EmpleadoControllerTest" time="0">
    <skipped/>
  </testcase>
</testsuite>